Build started 2019/4/27 1:03:00.
     1>Project "E:\MyCode\Git\QTIRProc\IRProc\IRProc\IRProc.vcxproj" on node 2 (Build target(s)).
     1>CustomBuild:
         Uic'ing IRProc.ui...
     1>C:\Program Files (x86)\MSBuild\Microsoft.Cpp\v4.0\V120\Microsoft.CppBuild.targets(935,5): warning MSB8027: Two or more files with the name of moc_IRProc.cpp will produce outputs to the same location. This can lead to an incorrect build result.  The files involved are GeneratedFiles\Debug\moc_IRProc.cpp, GeneratedFiles\Release\moc_IRProc.cpp.
       ClCompile:
         C:\Program Files (x86)\Microsoft Visual Studio 12.0\VC\bin\CL.exe /c /I.\GeneratedFiles /I. /ID:\Qt\Qt5.6.2\5.6\msvc2013\include /I.\GeneratedFiles\Debug /ID:\Qt\Qt5.6.2\5.6\msvc2013\include\QtCore /ID:\Qt\Qt5.6.2\5.6\msvc2013\include\QtGui /ID:\Qt\Qt5.6.2\5.6\msvc2013\include\QtWidgets /Zi /nologo /W1 /WX- /Od /Oy- /D UNICODE /D WIN32 /D WIN64 /D QT_DLL /D QT_CORE_LIB /D QT_GUI_LIB /D QT_WIDGETS_LIB /Gm- /EHsc /MDd /GS /fp:precise /Zc:wchar_t /Zc:forScope /Fo"Debug\\" /Fd"Debug\vc120.pdb" /Gd /TP /analyze- /errorReport:prompt GeneratedFiles\Debug\moc_IRProc.cpp IRProc.cpp main.cpp
         moc_IRProc.cpp
         IRProc.cpp
         main.cpp
         Generating Code...
       Link:
         C:\Program Files (x86)\Microsoft Visual Studio 12.0\VC\bin\link.exe /ERRORREPORT:PROMPT /OUT:"E:\MyCode\Git\QTIRProc\IRProc\Win32\Debug\\IRProc.exe" /NOLOGO /LIBPATH:D:\Qt\Qt5.6.2\5.6\msvc2013\lib qtmaind.lib Qt5Cored.lib Qt5Guid.lib Qt5Widgetsd.lib kernel32.lib user32.lib gdi32.lib winspool.lib comdlg32.lib advapi32.lib shell32.lib ole32.lib oleaut32.lib uuid.lib odbc32.lib odbccp32.lib /MANIFEST /MANIFESTUAC:"level='asInvoker' uiAccess='false'" /manifest:embed /DEBUG /PDB:"E:\MyCode\Git\QTIRProc\IRProc\Win32\Debug\IRProc.pdb" /SUBSYSTEM:WINDOWS /TLBID:1 /DYNAMICBASE /NXCOMPAT /IMPLIB:"E:\MyCode\Git\QTIRProc\IRProc\Win32\Debug\IRProc.lib" /MACHINE:X86 /SAFESEH Debug\moc_IRProc.obj
         Debug\qrc_IRProc.obj
         Debug\g_variables.obj
         Debug\IRProc.obj
         Debug\main.obj
         Debug\mycustomslider.obj
         IRProc.vcxproj -> E:\MyCode\Git\QTIRProc\IRProc\Win32\Debug\IRProc.exe
     1>Done Building Project "E:\MyCode\Git\QTIRProc\IRProc\IRProc\IRProc.vcxproj" (Build target(s)).

Build succeeded.

Time Elapsed 00:00:05.63
