e:\mycode\qtir\irproc\irproc\debug\vc120.pdb
e:\mycode\qtir\irproc\irproc\debug\qrc_irproc.obj
e:\mycode\qtir\irproc\irproc\debug\main.obj
e:\mycode\qtir\irproc\irproc\debug\irproc.obj
e:\mycode\qtir\irproc\irproc\debug\moc_irproc.obj
e:\mycode\qtir\irproc\irproc\generatedfiles\qrc_irproc.cpp
e:\mycode\qtir\irproc\irproc\generatedfiles\ui_irproc.h
e:\mycode\qtir\irproc\irproc\generatedfiles\debug\moc_irproc.cpp
e:\mycode\qtir\irproc\win32\debug\irproc.ilk
e:\mycode\qtir\irproc\win32\debug\irproc.exe
e:\mycode\qtir\irproc\win32\debug\irproc.pdb
e:\mycode\qtir\irproc\irproc\debug\irproc.tlog\cl.command.1.tlog
e:\mycode\qtir\irproc\irproc\debug\irproc.tlog\cl.read.1.tlog
e:\mycode\qtir\irproc\irproc\debug\irproc.tlog\cl.write.1.tlog
e:\mycode\qtir\irproc\irproc\debug\irproc.tlog\custombuild.command.1.tlog
e:\mycode\qtir\irproc\irproc\debug\irproc.tlog\custombuild.read.1.tlog
e:\mycode\qtir\irproc\irproc\debug\irproc.tlog\custombuild.write.1.tlog
e:\mycode\qtir\irproc\irproc\debug\irproc.tlog\link.command.1.tlog
e:\mycode\qtir\irproc\irproc\debug\irproc.tlog\link.read.1.tlog
e:\mycode\qtir\irproc\irproc\debug\irproc.tlog\link.write.1.tlog
